-------------------------------------------------------------------------------
Test set: com.yunteng.TliasWebManagementApplicationTests
-------------------------------------------------------------------------------
Tests run: 3, Failures: 1, Errors: 0, Skipped: 0, Time elapsed: 6.395 s <<< FAILURE! - in com.yunteng.TliasWebManagementApplicationTests
testAccessProtectedApiWithoutToken  Time elapsed: 1.192 s  <<< FAILURE!
java.lang.AssertionError: Status expected:<401> but was:<200>
	at com.yunteng.TliasWebManagementApplicationTests.testAccessProtectedApiWithoutToken(TliasWebManagementApplicationTests.java:25)

