<?xml version="1.0" encoding="UTF-8"?>
<testsuite xmlns:xsi="http://www.w3.org/2001/XMLSchema-instance" xsi:noNamespaceSchemaLocation="https://maven.apache.org/surefire/maven-surefire-plugin/xsd/surefire-test-report.xsd" name="com.yunteng.TliasWebManagementApplicationTests" time="6.395" tests="3" errors="0" skipped="0" failures="1">
  <properties>
[...]
</properties>
  <testcase name="testAccessProtectedApiWithoutToken" classname="com.yunteng.TliasWebManagementApplicationTests" time="1.192">
    <failure message="Status expected:&lt;401&gt; but was:&lt;200&gt;" type="java.lang.AssertionError"><![CDATA[java.lang.AssertionError: Status expected:<401> but was:<200>
	at com.yunteng.TliasWebManagementApplicationTests.testAccessProtectedApiWithoutToken(TliasWebManagementApplicationTests.java:25)
]]></failure>
    <system-out><![CDATA[16:34:53.543 [main] DEBUG org.springframework.test.context.BootstrapUtils - Instantiating CacheAwareContextLoaderDelegate from class [org.springframework.test.context.cache.DefaultCacheAwareContextLoaderDelegate]
16:34:53.555 [main] DEBUG org.springframework.test.context.BootstrapUtils - Instantiating BootstrapContext using constructor [public org.springframework.test.context.support.DefaultBootstrapContext(java.lang.Class,org.springframework.test.context.CacheAwareContextLoaderDelegate)]
16:34:53.605 [main] DEBUG org.springframework.test.context.BootstrapUtils - Instantiating TestContextBootstrapper for test class [com.yunteng.TliasWebManagementApplicationTests] from class [org.springframework.boot.test.context.SpringBootTestContextBootstrapper]
16:34:53.622 [main] INFO org.springframework.boot.test.context.SpringBootTestContextBootstrapper - Neither @ContextConfiguration nor @ContextHierarchy found for test class [com.yunteng.TliasWebManagementApplicationTests], using SpringBootContextLoader
16:34:53.627 [main] DEBUG org.springframework.test.context.support.AbstractContextLoader - Did not detect default resource location for test class [com.yunteng.TliasWebManagementApplicationTests]: class path resource [com/yunteng/TliasWebManagementApplicationTests-context.xml] does not exist
16:34:53.628 [main] DEBUG org.springframework.test.context.support.AbstractContextLoader - Did not detect default resource location for test class [com.yunteng.TliasWebManagementApplicationTests]: class path resource [com/yunteng/TliasWebManagementApplicationTestsContext.groovy] does not exist
16:34:53.628 [main] INFO org.springframework.test.context.support.AbstractContextLoader - Could not detect default resource locations for test class [com.yunteng.TliasWebManagementApplicationTests]: no resource found for suffixes {-context.xml, Context.groovy}.
16:34:53.629 [main] INFO org.springframework.test.context.support.AnnotationConfigContextLoaderUtils - Could not detect default configuration classes for test class [com.yunteng.TliasWebManagementApplicationTests]: TliasWebManagementApplicationTests does not declare any static, non-private, non-final, nested classes annotated with @Configuration.
16:34:53.712 [main] DEBUG org.springframework.test.context.support.ActiveProfilesUtils - Could not find an 'annotation declaring class' for annotation type [org.springframework.test.context.ActiveProfiles] and class [com.yunteng.TliasWebManagementApplicationTests]
16:34:53.794 [main] DEBUG org.springframework.context.annotation.ClassPathScanningCandidateComponentProvider - Identified candidate component class: file [D:\new\yunteng\yunteng1.0\target\classes\com\yunteng\TliasWebManagementApplication.class]
16:34:53.796 [main] INFO org.springframework.boot.test.context.SpringBootTestContextBootstrapper - Found @SpringBootConfiguration com.yunteng.TliasWebManagementApplication for test class com.yunteng.TliasWebManagementApplicationTests
16:34:53.935 [main] DEBUG org.springframework.boot.test.context.SpringBootTestContextBootstrapper - @TestExecutionListeners is not present for class [com.yunteng.TliasWebManagementApplicationTests]: using defaults.
16:34:53.935 [main] INFO org.springframework.boot.test.context.SpringBootTestContextBootstrapper - Loaded default TestExecutionListener class names from location [META-INF/spring.factories]: [org.springframework.boot.test.mock.mockito.MockitoTestExecutionListener, org.springframework.boot.test.mock.mockito.ResetMocksTestExecutionListener, org.springframework.boot.test.autoconfigure.restdocs.RestDocsTestExecutionListener, org.springframework.boot.test.autoconfigure.web.client.MockRestServiceServerResetTestExecutionListener, org.springframework.boot.test.autoconfigure.web.servlet.MockMvcPrintOnlyOnFailureTestExecutionListener, org.springframework.boot.test.autoconfigure.web.servlet.WebDriverTestExecutionListener, org.springframework.boot.test.autoconfigure.webservices.client.MockWebServiceServerTestExecutionListener, org.springframework.test.context.web.ServletTestExecutionListener, org.springframework.test.context.support.DirtiesContextBeforeModesTestExecutionListener, org.springframework.test.context.event.ApplicationEventsTestExecutionListener, org.springframework.test.context.support.DependencyInjectionTestExecutionListener, org.springframework.test.context.support.DirtiesContextTestExecutionListener, org.springframework.test.context.transaction.TransactionalTestExecutionListener, org.springframework.test.context.jdbc.SqlScriptsTestExecutionListener, org.springframework.test.context.event.EventPublishingTestExecutionListener]
16:34:53.966 [main] INFO org.springframework.boot.test.context.SpringBootTestContextBootstrapper - Using TestExecutionListeners: [org.springframework.test.context.web.ServletTestExecutionListener@3e2822, org.springframework.test.context.support.DirtiesContextBeforeModesTestExecutionListener@79e18e38, org.springframework.test.context.event.ApplicationEventsTestExecutionListener@29a60c27, org.springframework.boot.test.mock.mockito.MockitoTestExecutionListener@1849db1a, org.springframework.boot.test.autoconfigure.SpringBootDependencyInjectionTestExecutionListener@69c79f09, org.springframework.test.context.support.DirtiesContextTestExecutionListener@1ca25c47, org.springframework.test.context.transaction.TransactionalTestExecutionListener@5fcacc0, org.springframework.test.context.jdbc.SqlScriptsTestExecutionListener@533b266e, org.springframework.test.context.event.EventPublishingTestExecutionListener@6d1d4d7, org.springframework.boot.test.mock.mockito.ResetMocksTestExecutionListener@89ff02e, org.springframework.boot.test.autoconfigure.restdocs.RestDocsTestExecutionListener@6865c751, org.springframework.boot.test.autoconfigure.web.client.MockRestServiceServerResetTestExecutionListener@62679465, org.springframework.boot.test.autoconfigure.web.servlet.MockMvcPrintOnlyOnFailureTestExecutionListener@6a988392, org.springframework.boot.test.autoconfigure.web.servlet.WebDriverTestExecutionListener@1d71006f, org.springframework.boot.test.autoconfigure.webservices.client.MockWebServiceServerTestExecutionListener@5b6813df]
16:34:53.970 [main] DEBUG org.springframework.test.context.support.AbstractDirtiesContextTestExecutionListener - Before test class: context [DefaultTestContext@5fd62371 testClass = TliasWebManagementApplicationTests, testInstance = [null], testMethod = [null], testException = [null], mergedContextConfiguration = [WebMergedContextConfiguration@28a0fd6c testClass = TliasWebManagementApplicationTests, locations = '{}', classes = '{class com.yunteng.TliasWebManagementApplication}', contextInitializerClasses = '[]', activeProfiles = '{}', propertySourceLocations = '{}', propertySourceProperties = '{org.springframework.boot.test.context.SpringBootTestContextBootstrapper=true}', contextCustomizers = set[[ImportsContextCustomizer@2b62442c key = [org.springframework.boot.test.autoconfigure.web.servlet.MockMvcAutoConfiguration, org.springframework.boot.test.autoconfigure.web.servlet.MockMvcWebClientAutoConfiguration, org.springframework.boot.test.autoconfigure.web.servlet.MockMvcWebDriverAutoConfiguration, org.springframework.boot.autoconfigure.security.oauth2.client.servlet.OAuth2ClientAutoConfiguration, org.springframework.boot.autoconfigure.security.oauth2.resource.servlet.OAuth2ResourceServerAutoConfiguration, org.springframework.boot.autoconfigure.security.servlet.SecurityAutoConfiguration, org.springframework.boot.autoconfigure.security.servlet.SecurityFilterAutoConfiguration, org.springframework.boot.autoconfigure.security.servlet.UserDetailsServiceAutoConfiguration, org.springframework.boot.test.autoconfigure.web.servlet.MockMvcSecurityConfiguration, org.springframework.boot.test.autoconfigure.web.reactive.WebTestClientAutoConfiguration]], org.springframework.boot.test.context.filter.ExcludeFilterContextCustomizer@4879dfad, org.springframework.boot.test.json.DuplicateJsonObjectContextCustomizerFactory$DuplicateJsonObjectContextCustomizer@2da59753, org.springframework.boot.test.mock.mockito.MockitoContextCustomizer@0, org.springframework.boot.test.web.client.TestRestTemplateContextCustomizer@7a1a3478, org.springframework.boot.test.autoconfigure.actuate.metrics.MetricsExportContextCustomizerFactory$DisableMetricExportContextCustomizer@71454b9d, org.springframework.boot.test.autoconfigure.properties.PropertyMappingContextCustomizer@4b3fa0b3, org.springframework.boot.test.autoconfigure.web.servlet.WebDriverContextCustomizerFactory$Customizer@73a2e526, org.springframework.boot.test.context.SpringBootTestArgs@1, org.springframework.boot.test.context.SpringBootTestWebEnvironment@1372ed45], resourceBasePath = 'src/main/webapp', contextLoader = 'org.springframework.boot.test.context.SpringBootContextLoader', parent = [null]], attributes = map['org.springframework.test.context.web.ServletTestExecutionListener.activateListener' -> true]], class annotated with @DirtiesContext [false] with mode [null].

  .   ____          _            __ _ _
 /\\ / ___'_ __ _ _(_)_ __  __ _ \ \ \ \
( ( )\___ | '_ | '_| | '_ \/ _` | \ \ \ \
 \\/  ___)| |_)| | | | | || (_| |  ) ) ) )
  '  |____| .__|_| |_|_| |_\__, | / / / /
 =========|_|==============|___/=/_/_/_/
 :: Spring Boot ::                (v2.7.5)

2025-03-08 16:34:54.455  INFO 24220 --- [           main] c.y.TliasWebManagementApplicationTests   : Starting TliasWebManagementApplicationTests using Java 17.0.14 on LAPTOP-V0B37GFS with PID 24220 (started by 李嘉怡 in D:\new\yunteng\yunteng1.0)
2025-03-08 16:34:54.457  INFO 24220 --- [           main] c.y.TliasWebManagementApplicationTests   : No active profile set, falling back to 1 default profile: "default"
Logging initialized using 'class org.apache.ibatis.logging.stdout.StdOutImpl' adapter.
Property 'mapperLocations' was not specified.
2025-03-08 16:34:58.369  INFO 24220 --- [           main] o.s.b.t.m.w.SpringBootMockServletContext : Initializing Spring TestDispatcherServlet ''
2025-03-08 16:34:58.369  INFO 24220 --- [           main] o.s.t.web.servlet.TestDispatcherServlet  : Initializing Servlet ''
2025-03-08 16:34:58.383  INFO 24220 --- [           main] o.s.b.a.e.web.EndpointLinksResolver      : Exposing 1 endpoint(s) beneath base path '/actuator'
2025-03-08 16:34:58.443  INFO 24220 --- [           main] o.s.t.web.servlet.TestDispatcherServlet  : Completed initialization in 73 ms
2025-03-08 16:34:58.514  INFO 24220 --- [           main] c.y.TliasWebManagementApplicationTests   : Started TliasWebManagementApplicationTests in 4.496 seconds (JVM running for 6.174)
2025-03-08 16:34:59.796  INFO 24220 --- [           main] c.y.interceptor.LoginCheckInterceptor    : url:/api/students
2025-03-08 16:34:59.799  INFO 24220 --- [           main] c.y.interceptor.LoginCheckInterceptor    : 请求头token为空，返回未登录的信息

MockHttpServletRequest:
      HTTP Method = GET
      Request URI = /api/students
       Parameters = {}
          Headers = []
             Body = null
    Session Attrs = {}

Handler:
             Type = org.springframework.web.servlet.resource.ResourceHttpRequestHandler

Async:
    Async started = false
     Async result = null

Resolved Exception:
             Type = null

ModelAndView:
        View name = null
             View = null
            Model = null

FlashMap:
       Attributes = null

MockHttpServletResponse:
           Status = 200
    Error message = null
          Headers = [Vary:"Origin", "Access-Control-Request-Method", "Access-Control-Request-Headers"]
     Content type = null
             Body = 
    Forwarded URL = null
   Redirected URL = null
          Cookies = []
]]></system-out>
  </testcase>
  <testcase name="contextLoads" classname="com.yunteng.TliasWebManagementApplicationTests" time="0.004"/>
  <testcase name="testAccessWithValidToken" classname="com.yunteng.TliasWebManagementApplicationTests" time="0.008"/>
</testsuite>